[2025-05-22 17:26:21] [info] Start Program:
Path:".\\x64\\Debug\\Project1.exe"
Arguments:
Working directory: not set.
Modules: Selected: * Excluded: 
Sources: Selected: C:*.cpp Excluded: 
Log Level: Normal
Cover Children: 0
Aggregate by file: 1
Continue after C++ exception: 0
Optimized build support: 0
Export: html coverage 
Input coverage: 
Unified diff: 
Excluded line regular expressions: 
Substitute pdb source paths: 
[2025-05-22 17:26:21] [info] Module: C:\Users\User\Documents\git\hwayoung\mission2\Project1\x64\Debug\Project1.exe is selected because it matches selected pattern: *
[2025-05-22 17:26:21] [info] Module: C:\Windows\System32\ntdll.dll is selected because it matches selected pattern: *
[2025-05-22 17:26:21] [info] Module: C:\Windows\System32\kernel32.dll is selected because it matches selected pattern: *
[2025-05-22 17:26:21] [info] Module: C:\Windows\System32\KernelBase.dll is selected because it matches selected pattern: *
[2025-05-22 17:26:21] [info] Module: C:\Windows\System32\apphelp.dll is selected because it matches selected pattern: *
[2025-05-22 17:26:21] [info] Module: C:\Windows\System32\vcruntime140_1d.dll is selected because it matches selected pattern: *
[2025-05-22 17:26:21] [info] Module: C:\Windows\System32\msvcp140d.dll is selected because it matches selected pattern: *
[2025-05-22 17:26:21] [info] Module: C:\Windows\System32\vcruntime140d.dll is selected because it matches selected pattern: *
[2025-05-22 17:26:21] [info] Module: C:\Windows\System32\ucrtbased.dll is selected because it matches selected pattern: *
[2025-05-22 17:26:21] [info] Module: C:\Windows\SysWOW64\T_Prevent64.dll is selected because it matches selected pattern: *
[2025-05-22 17:26:21] [info] Module: C:\Windows\System32\user32.dll is selected because it matches selected pattern: *
[2025-05-22 17:26:21] [info] Module: C:\Windows\System32\win32u.dll is selected because it matches selected pattern: *
[2025-05-22 17:26:21] [info] Module: C:\Windows\System32\gdi32.dll is selected because it matches selected pattern: *
[2025-05-22 17:26:21] [info] Module: C:\Windows\System32\gdi32full.dll is selected because it matches selected pattern: *
[2025-05-22 17:26:21] [info] Module: C:\Windows\System32\msvcp_win.dll is selected because it matches selected pattern: *
[2025-05-22 17:26:21] [info] Module: C:\Windows\System32\ucrtbase.dll is selected because it matches selected pattern: *
[2025-05-22 17:26:21] [info] Module: C:\Windows\System32\advapi32.dll is selected because it matches selected pattern: *
[2025-05-22 17:26:21] [info] Module: C:\Windows\System32\msvcrt.dll is selected because it matches selected pattern: *
[2025-05-22 17:26:21] [info] Module: C:\Windows\System32\sechost.dll is selected because it matches selected pattern: *
[2025-05-22 17:26:21] [info] Module: C:\Windows\System32\winspool.drv is selected because it matches selected pattern: *
[2025-05-22 17:26:21] [info] Module: C:\Windows\System32\rpcrt4.dll is selected because it matches selected pattern: *
[2025-05-22 17:26:21] [info] Module: C:\Windows\System32\combase.dll is selected because it matches selected pattern: *
[2025-05-22 17:26:21] [info] Module: C:\Windows\System32\bcrypt.dll is selected because it matches selected pattern: *
[2025-05-22 17:26:21] [info] Module: C:\Windows\System32\SHCore.dll is selected because it matches selected pattern: *
[2025-05-22 17:26:21] [info] Module: C:\Windows\System32\shell32.dll is selected because it matches selected pattern: *
[2025-05-22 17:26:21] [info] Module: C:\Windows\System32\shlwapi.dll is selected because it matches selected pattern: *
[2025-05-22 17:26:21] [info] Module: C:\Windows\System32\ole32.dll is selected because it matches selected pattern: *
[2025-05-22 17:26:21] [info] Module: C:\Windows\System32\oleaut32.dll is selected because it matches selected pattern: *
[2025-05-22 17:26:21] [info] Module: C:\Windows\WinSxS\amd64_microsoft.windows.gdiplus_6595b64144ccf1df_1.1.19041.4355_none_91a3acd0cc88a7e4\GdiPlus.dll is selected because it matches selected pattern: *
[2025-05-22 17:26:21] [info] Module: C:\Windows\System32\version.dll is selected because it matches selected pattern: *
[2025-05-22 17:26:21] [info] Module: C:\Windows\System32\oleacc.dll is selected because it matches selected pattern: *
[2025-05-22 17:26:21] [info] Module: C:\Windows\System32\imm32.dll is selected because it matches selected pattern: *
[2025-05-22 17:26:22] [info] Module: C:\Windows\WinSxS\amd64_microsoft.windows.common-controls_6595b64144ccf1df_5.82.19041.4355_none_792ecafd2442822f\comctl32.dll is selected because it matches selected pattern: *
[2025-05-22 17:26:22] [info] Module: C:\Windows\SysWOW64\TDCommonLib64.dll is selected because it matches selected pattern: *
[2025-05-22 17:26:22] [info] Module: C:\Windows\System32\kernel.appcore.dll is selected because it matches selected pattern: *
[2025-05-22 17:26:22] [info] Module: C:\Windows\System32\bcryptprimitives.dll is selected because it matches selected pattern: *
[2025-05-22 17:26:22] [info] Module: C:\Windows\System32\d3d11.dll is selected because it matches selected pattern: *
[2025-05-22 17:26:22] [info] Module: C:\Windows\System32\dxgi.dll is selected because it matches selected pattern: *
[2025-05-22 17:26:22] [info] Module: C:\Windows\System32\ResourcePolicyClient.dll is selected because it matches selected pattern: *
[2025-05-22 17:26:22] [info] Module: C:\Windows\System32\DriverStore\FileRepository\iigd_dch.inf_amd64_b3623ea7c47ec411\igd10iumd64.dll is selected because it matches selected pattern: *
[2025-05-22 17:26:22] [info] Module: C:\Windows\System32\DriverStore\FileRepository\iigd_dch.inf_amd64_b3623ea7c47ec411\igd10um64xe.dll is selected because it matches selected pattern: *
[2025-05-22 17:26:22] [info] Module: C:\Windows\System32\crypt32.dll is selected because it matches selected pattern: *
[2025-05-22 17:26:22] [info] Module: C:\Windows\System32\ncrypt.dll is selected because it matches selected pattern: *
[2025-05-22 17:26:22] [info] Module: C:\Windows\System32\ntasn1.dll is selected because it matches selected pattern: *
[2025-05-22 17:26:22] [info] ----------------------------------------------------
[2025-05-22 17:26:22] [info] Coverage generated in Folder C:\Users\User\Documents\git\hwayoung\mission2\Project1\coverage
[2025-05-22 17:26:22] [info] ----------------------------------------------------
[2025-05-22 17:26:22] [info] The code coverage report is not what you expect? See the FAQ https://github.com/OpenCppCoverage/OpenCppCoverage/wiki/FAQ.
[2025-05-22 17:26:22] [error] Your program stop with error code: 1
