  fix_keyword.cpp
C:\Users\User\Documents\git\hwayoung\mission1\Project1\Project1\fix_keyword.cpp(1,1): warning C4819: 현재 코드 페이지(949)에서 표시할 수 없는 문자가 파일에 들어 있습니다. 데이터가 손실되지 않게 하려면 해당 파일을 유니코드 형식으로 저장하십시오.
C:\Users\User\Documents\git\hwayoung\mission1\Project1\Project1\fix_keyword.cpp(21,48): warning C4267: '=': 'size_t'에서 '_Ty'(으)로 변환하면서 데이터가 손실될 수 있습니다.
C:\Users\User\Documents\git\hwayoung\mission1\Project1\Project1\fix_keyword.cpp(21,48): warning C4267:         with
C:\Users\User\Documents\git\hwayoung\mission1\Project1\Project1\fix_keyword.cpp(21,48): warning C4267:         [
C:\Users\User\Documents\git\hwayoung\mission1\Project1\Project1\fix_keyword.cpp(21,48): warning C4267:             _Ty=int
C:\Users\User\Documents\git\hwayoung\mission1\Project1\Project1\fix_keyword.cpp(21,48): warning C4267:         ]
C:\Users\User\Documents\git\hwayoung\mission1\Project1\Project1\fix_keyword.cpp(22,48): warning C4267: '=': 'size_t'에서 '_Ty'(으)로 변환하면서 데이터가 손실될 수 있습니다.
C:\Users\User\Documents\git\hwayoung\mission1\Project1\Project1\fix_keyword.cpp(22,48): warning C4267:         with
C:\Users\User\Documents\git\hwayoung\mission1\Project1\Project1\fix_keyword.cpp(22,48): warning C4267:         [
C:\Users\User\Documents\git\hwayoung\mission1\Project1\Project1\fix_keyword.cpp(22,48): warning C4267:             _Ty=int
C:\Users\User\Documents\git\hwayoung\mission1\Project1\Project1\fix_keyword.cpp(22,48): warning C4267:         ]
C:\Users\User\Documents\git\hwayoung\mission1\Project1\Project1\fix_keyword.cpp(41,14): warning C4267: '초기화 중': 'size_t'에서 'int'(으)로 변환하면서 데이터가 손실될 수 있습니다.
C:\Users\User\Documents\git\hwayoung\mission1\Project1\Project1\fix_keyword.cpp(58,30): warning C4244: '=': 'double'에서 '__int64'(으)로 변환하면서 데이터가 손실될 수 있습니다.
C:\Users\User\Documents\git\hwayoung\mission1\Project1\Project1\fix_keyword.cpp(59,30): warning C4244: '+=': 'double'에서 'int'(으)로 변환하면서 데이터가 손실될 수 있습니다.
C:\Users\User\Documents\git\hwayoung\mission1\Project1\Project1\fix_keyword.cpp(66,34): warning C4244: '=': 'double'에서 '__int64'(으)로 변환하면서 데이터가 손실될 수 있습니다.
C:\Users\User\Documents\git\hwayoung\mission1\Project1\Project1\fix_keyword.cpp(67,30): warning C4244: '+=': 'double'에서 'int'(으)로 변환하면서 데이터가 손실될 수 있습니다.
  main.cpp
  gtest-all.cc
  gmock-all.cc
  코드를 생성하고 있습니다...
  Project1.vcxproj -> C:\Users\User\Documents\git\hwayoung\mission1\Project1\x64\Debug\Project1.exe
